<?xml version="1.0" encoding= "UTF-8" ?><testsuites><testsuite hostname="3ab6de50d313" name="surefire_SUITE" time="1.638047" timestamp="2024-10-28T22:59:30" errors="0" failures="4" skipped="5" tests="11" log="/buildroot/otp/lib/common_test/make_test_dir/ct_logs/ct_run.test_server@3ab6de50d313.2024-10-28_22.01.52/make_test_dir.common_test_test.logs/run.2024-10-28_22.01.55/log_private/ct_run.ct@3ab6de50d313.2024-10-28_22.59.29/common_test_test.ct_surefire_SUITE_data.surefire_SUITE.logs/run.2024-10-28_22.59.30/suite.log.html"><testcase name="init_per_suite" time="0.000140" timestamp="2024-10-28T22:59:30" file="/buildroot/otp/lib/common_test/make_test_dir/common_test_test/ct_surefire_SUITE_data/surefire_SUITE.erl" line="51" log="/buildroot/otp/lib/common_test/make_test_dir/ct_logs/ct_run.test_server@3ab6de50d313.2024-10-28_22.01.52/make_test_dir.common_test_test.logs/run.2024-10-28_22.01.55/log_private/ct_run.ct@3ab6de50d313.2024-10-28_22.59.29/common_test_test.ct_surefire_SUITE_data.surefire_SUITE.logs/run.2024-10-28_22.59.30/surefire_suite.init_per_suite.html"></testcase><testcase name="tc_ok" time="0.000219" timestamp="2024-10-28T22:59:30" file="/buildroot/otp/lib/common_test/make_test_dir/common_test_test/ct_surefire_SUITE_data/surefire_SUITE.erl" line="80" log="/buildroot/otp/lib/common_test/make_test_dir/ct_logs/ct_run.test_server@3ab6de50d313.2024-10-28_22.01.52/make_test_dir.common_test_test.logs/run.2024-10-28_22.01.55/log_private/ct_run.ct@3ab6de50d313.2024-10-28_22.59.29/common_test_test.ct_surefire_SUITE_data.surefire_SUITE.logs/run.2024-10-28_22.59.30/surefire_suite.tc_ok.html"></testcase><testcase name="tc_fail" time="0.000664" timestamp="2024-10-28T22:59:30" file="/buildroot/otp/lib/common_test/make_test_dir/common_test_test/ct_surefire_SUITE_data/surefire_SUITE.erl" line="85" log="/buildroot/otp/lib/common_test/make_test_dir/ct_logs/ct_run.test_server@3ab6de50d313.2024-10-28_22.01.52/make_test_dir.common_test_test.logs/run.2024-10-28_22.01.55/log_private/ct_run.ct@3ab6de50d313.2024-10-28_22.59.29/common_test_test.ct_surefire_SUITE_data.surefire_SUITE.logs/run.2024-10-28_22.59.30/surefire_suite.tc_fail.html"><failure message="Test tc_fail in surefire_SUITE failed!" type="crash">{test_case_failed,&quot;this test should fail&quot;}</failure></testcase><testcase name="tc_badmatch" time="0.000661" timestamp="2024-10-28T22:59:30" file="/buildroot/otp/lib/common_test/make_test_dir/common_test_test/ct_surefire_SUITE_data/surefire_SUITE.erl" line="89" log="/buildroot/otp/lib/common_test/make_test_dir/ct_logs/ct_run.test_server@3ab6de50d313.2024-10-28_22.01.52/make_test_dir.common_test_test.logs/run.2024-10-28_22.01.55/log_private/ct_run.ct@3ab6de50d313.2024-10-28_22.59.29/common_test_test.ct_surefire_SUITE_data.surefire_SUITE.logs/run.2024-10-28_22.59.30/surefire_suite.tc_badmatch.html"><failure message="Test tc_badmatch in surefire_SUITE failed!" type="crash">{{badmatch,nok},
 [{surefire_SUITE,tc_badmatch,1,[{file,&quot;surefire_SUITE.erl&quot;},{line,89}]},
  {test_server,ts_tc,3,[{file,&quot;test_server.erl&quot;},{line,1794}]},
  {test_server,run_test_case_eval1,6,[{file,&quot;test_server.erl&quot;},{line,1303}]},
  {test_server,run_test_case_eval,9,[{file,&quot;test_server.erl&quot;},{line,1235}]}]}</failure></testcase><testcase name="tc_skip" time="0.000264" timestamp="2024-10-28T22:59:30" file="/buildroot/otp/lib/common_test/make_test_dir/common_test_test/ct_surefire_SUITE_data/surefire_SUITE.erl" line="91" log="/buildroot/otp/lib/common_test/make_test_dir/ct_logs/ct_run.test_server@3ab6de50d313.2024-10-28_22.01.52/make_test_dir.common_test_test.logs/run.2024-10-28_22.01.55/log_private/ct_run.ct@3ab6de50d313.2024-10-28_22.59.29/common_test_test.ct_surefire_SUITE_data.surefire_SUITE.logs/run.2024-10-28_22.59.30/surefire_suite.tc_skip.html"><skipped type="skip" message="Test tc_skip in surefire_SUITE skipped!">{tc_user_skip,&quot;this test is skipped&quot;}</skipped></testcase><testcase name="tc_autoskip_require" time="0.000258" timestamp="2024-10-28T22:59:30" file="/buildroot/otp/lib/common_test/make_test_dir/common_test_test/ct_surefire_SUITE_data/surefire_SUITE.erl" line="96" log="/buildroot/otp/lib/common_test/make_test_dir/ct_logs/ct_run.test_server@3ab6de50d313.2024-10-28_22.01.52/make_test_dir.common_test_test.logs/run.2024-10-28_22.01.55/log_private/ct_run.ct@3ab6de50d313.2024-10-28_22.59.29/common_test_test.ct_surefire_SUITE_data.surefire_SUITE.logs/run.2024-10-28_22.59.30/surefire_suite.tc_autoskip_require.html"><skipped type="skip" message="Test tc_autoskip_require in surefire_SUITE skipped!">{tc_auto_skip,{require_failed,{not_available,whatever}}}</skipped></testcase><testcase group="g" name="init_per_group" time="0.000141" timestamp="2024-10-28T22:59:30" file="/buildroot/otp/lib/common_test/make_test_dir/common_test_test/ct_surefire_SUITE_data/surefire_SUITE.erl" line="57" log="/buildroot/otp/lib/common_test/make_test_dir/ct_logs/ct_run.test_server@3ab6de50d313.2024-10-28_22.01.52/make_test_dir.common_test_test.logs/run.2024-10-28_22.01.55/log_private/ct_run.ct@3ab6de50d313.2024-10-28_22.59.29/common_test_test.ct_surefire_SUITE_data.surefire_SUITE.logs/run.2024-10-28_22.59.30/surefire_suite.init_per_group.html"></testcase><testcase group="g" name="tc_ok" time="0.000170" timestamp="2024-10-28T22:59:30" file="/buildroot/otp/lib/common_test/make_test_dir/common_test_test/ct_surefire_SUITE_data/surefire_SUITE.erl" line="80" log="/buildroot/otp/lib/common_test/make_test_dir/ct_logs/ct_run.test_server@3ab6de50d313.2024-10-28_22.01.52/make_test_dir.common_test_test.logs/run.2024-10-28_22.01.55/log_private/ct_run.ct@3ab6de50d313.2024-10-28_22.59.29/common_test_test.ct_surefire_SUITE_data.surefire_SUITE.logs/run.2024-10-28_22.59.30/surefire_suite.tc_ok.226.html"></testcase><testcase group="g" name="tc_fail" time="0.000573" timestamp="2024-10-28T22:59:30" file="/buildroot/otp/lib/common_test/make_test_dir/common_test_test/ct_surefire_SUITE_data/surefire_SUITE.erl" line="85" log="/buildroot/otp/lib/common_test/make_test_dir/ct_logs/ct_run.test_server@3ab6de50d313.2024-10-28_22.01.52/make_test_dir.common_test_test.logs/run.2024-10-28_22.01.55/log_private/ct_run.ct@3ab6de50d313.2024-10-28_22.59.29/common_test_test.ct_surefire_SUITE_data.surefire_SUITE.logs/run.2024-10-28_22.59.30/surefire_suite.tc_fail.258.html"><failure message="Test tc_fail in surefire_SUITE failed!" type="crash">{test_case_failed,&quot;this test should fail&quot;}</failure></testcase><testcase group="g" name="tc_badmatch" time="0.000656" timestamp="2024-10-28T22:59:30" file="/buildroot/otp/lib/common_test/make_test_dir/common_test_test/ct_surefire_SUITE_data/surefire_SUITE.erl" line="89" log="/buildroot/otp/lib/common_test/make_test_dir/ct_logs/ct_run.test_server@3ab6de50d313.2024-10-28_22.01.52/make_test_dir.common_test_test.logs/run.2024-10-28_22.01.55/log_private/ct_run.ct@3ab6de50d313.2024-10-28_22.59.29/common_test_test.ct_surefire_SUITE_data.surefire_SUITE.logs/run.2024-10-28_22.59.30/surefire_suite.tc_badmatch.290.html"><failure message="Test tc_badmatch in surefire_SUITE failed!" type="crash">{{badmatch,nok},
 [{surefire_SUITE,tc_badmatch,1,[{file,&quot;surefire_SUITE.erl&quot;},{line,89}]},
  {test_server,ts_tc,3,[{file,&quot;test_server.erl&quot;},{line,1794}]},
  {test_server,run_test_case_eval1,6,[{file,&quot;test_server.erl&quot;},{line,1303}]},
  {test_server,run_test_case_eval,9,[{file,&quot;test_server.erl&quot;},{line,1235}]}]}</failure></testcase><testcase group="g" name="tc_skip" time="0.000260" timestamp="2024-10-28T22:59:30" file="/buildroot/otp/lib/common_test/make_test_dir/common_test_test/ct_surefire_SUITE_data/surefire_SUITE.erl" line="91" log="/buildroot/otp/lib/common_test/make_test_dir/ct_logs/ct_run.test_server@3ab6de50d313.2024-10-28_22.01.52/make_test_dir.common_test_test.logs/run.2024-10-28_22.01.55/log_private/ct_run.ct@3ab6de50d313.2024-10-28_22.59.29/common_test_test.ct_surefire_SUITE_data.surefire_SUITE.logs/run.2024-10-28_22.59.30/surefire_suite.tc_skip.322.html"><skipped type="skip" message="Test tc_skip in surefire_SUITE skipped!">{tc_user_skip,&quot;this test is skipped&quot;}</skipped></testcase><testcase group="g" name="tc_autoskip_require" time="0.000261" timestamp="2024-10-28T22:59:30" file="/buildroot/otp/lib/common_test/make_test_dir/common_test_test/ct_surefire_SUITE_data/surefire_SUITE.erl" line="96" log="/buildroot/otp/lib/common_test/make_test_dir/ct_logs/ct_run.test_server@3ab6de50d313.2024-10-28_22.01.52/make_test_dir.common_test_test.logs/run.2024-10-28_22.01.55/log_private/ct_run.ct@3ab6de50d313.2024-10-28_22.59.29/common_test_test.ct_surefire_SUITE_data.surefire_SUITE.logs/run.2024-10-28_22.59.30/surefire_suite.tc_autoskip_require.354.html"><skipped type="skip" message="Test tc_autoskip_require in surefire_SUITE skipped!">{tc_auto_skip,{require_failed,{not_available,whatever}}}</skipped></testcase><testcase group="g" name="end_per_group" time="0.000106" timestamp="2024-10-28T22:59:30" file="/buildroot/otp/lib/common_test/make_test_dir/common_test_test/ct_surefire_SUITE_data/surefire_SUITE.erl" line="62" log="/buildroot/otp/lib/common_test/make_test_dir/ct_logs/ct_run.test_server@3ab6de50d313.2024-10-28_22.01.52/make_test_dir.common_test_test.logs/run.2024-10-28_22.01.55/log_private/ct_run.ct@3ab6de50d313.2024-10-28_22.59.29/common_test_test.ct_surefire_SUITE_data.surefire_SUITE.logs/run.2024-10-28_22.59.30/surefire_suite.end_per_group.html"></testcase><testcase group="g_fail" name="init_per_group" time="0.000438" timestamp="2024-10-28T22:59:30" file="/buildroot/otp/lib/common_test/make_test_dir/common_test_test/ct_surefire_SUITE_data/surefire_SUITE.erl" line="57" log="/buildroot/otp/lib/common_test/make_test_dir/ct_logs/ct_run.test_server@3ab6de50d313.2024-10-28_22.01.52/make_test_dir.common_test_test.logs/run.2024-10-28_22.01.55/log_private/ct_run.ct@3ab6de50d313.2024-10-28_22.59.29/common_test_test.ct_surefire_SUITE_data.surefire_SUITE.logs/run.2024-10-28_22.59.30/surefire_suite.init_per_group.386.html"><failure message="Test init_per_group in surefire_SUITE failed!" type="crash">all_cases_should_be_skipped</failure></testcase><testcase group="g_fail" name="tc_ok" time="0.000239" timestamp="2024-10-28T22:59:30" file="/buildroot/otp/lib/common_test/make_test_dir/common_test_test/ct_surefire_SUITE_data/surefire_SUITE.erl" line="80" log="/buildroot/otp/lib/common_test/make_test_dir/ct_logs/ct_run.test_server@3ab6de50d313.2024-10-28_22.01.52/make_test_dir.common_test_test.logs/run.2024-10-28_22.01.55/log_private/ct_run.ct@3ab6de50d313.2024-10-28_22.59.29/common_test_test.ct_surefire_SUITE_data.surefire_SUITE.logs/run.2024-10-28_22.59.30/surefire_suite.tc_ok.226.html"><skipped type="skip" message="Test tc_ok in surefire_SUITE skipped!">{tc_auto_skip,{failed,{surefire_SUITE,init_per_group,
                                      {&apos;EXIT&apos;,all_cases_should_be_skipped}}}}</skipped></testcase><testcase group="g_fail" name="end_per_group" time="0.000232" timestamp="2024-10-28T22:59:30" file="/buildroot/otp/lib/common_test/make_test_dir/common_test_test/ct_surefire_SUITE_data/surefire_SUITE.erl" line="62" log="/buildroot/otp/lib/common_test/make_test_dir/ct_logs/ct_run.test_server@3ab6de50d313.2024-10-28_22.01.52/make_test_dir.common_test_test.logs/run.2024-10-28_22.01.55/log_private/ct_run.ct@3ab6de50d313.2024-10-28_22.59.29/common_test_test.ct_surefire_SUITE_data.surefire_SUITE.logs/run.2024-10-28_22.59.30/surefire_suite.end_per_group.html"><skipped type="skip" message="Test end_per_group in surefire_SUITE skipped!">{tc_auto_skip,{failed,{surefire_SUITE,init_per_group,
                                      {&apos;EXIT&apos;,all_cases_should_be_skipped}}}}</skipped></testcase><testcase group="g_fail" name="end_per_suite" time="0.000098" timestamp="2024-10-28T22:59:30" file="/buildroot/otp/lib/common_test/make_test_dir/common_test_test/ct_surefire_SUITE_data/surefire_SUITE.erl" line="54" log="/buildroot/otp/lib/common_test/make_test_dir/ct_logs/ct_run.test_server@3ab6de50d313.2024-10-28_22.01.52/make_test_dir.common_test_test.logs/run.2024-10-28_22.01.55/log_private/ct_run.ct@3ab6de50d313.2024-10-28_22.59.29/common_test_test.ct_surefire_SUITE_data.surefire_SUITE.logs/run.2024-10-28_22.59.30/surefire_suite.end_per_suite.html"></testcase></testsuite></testsuites>